<?xml version="1.0" encoding="UTF-8"?>
<!-- Generated by org.testng.reporters.JUnitReportReporter -->
<testsuite hostname="sunils-MacBook-Pro.local" failures="1" tests="4" name="SerializeNDeSerializeJsonTest" time="0.109" errors="0" timestamp="2020-04-26T01:51:50 EDT" skipped="0">
  <testcase classname="SerializeNDeSerializeJsonTest" name="TestDeSerializeFromFileRead" time="0.004"/>
  <system-out/>
  <testcase classname="SerializeNDeSerializeJsonTest" name="TestDeSerialize" time="0.000"/>
  <system-out/>
  <testcase classname="SerializeNDeSerializeJsonTest" name="TestSerializeAndFileWrite" time="0.104"/>
  <system-out/>
  <testcase classname="SerializeNDeSerializeJsonTest" name="TestSerialize" time="0.001">
    <failure message="Sunil found in SerializedJson expected [true] but found [false]" type="java.lang.AssertionError">
      <![CDATA[java.lang.AssertionError: Sunil found in SerializedJson expected [true] but found [false]
at org.testng.Assert.fail(Assert.java:97)
at org.testng.Assert.failNotEquals(Assert.java:969)
at org.testng.Assert.assertTrue(Assert.java:43)
at SerializeNDeSerializeJsonTest.TestSerialize(SerializeNDeSerializeJsonTest.java:22)
at java.base/jdk.internal.reflect.NativeMethodAccessorImpl.invoke0(Native Method)
at java.base/jdk.internal.reflect.NativeMethodAccessorImpl.invoke(NativeMethodAccessorImpl.java:62)
at java.base/jdk.internal.reflect.DelegatingMethodAccessorImpl.invoke(DelegatingMethodAccessorImpl.java:43)
at java.base/java.lang.reflect.Method.invoke(Method.java:567)
at org.testng.internal.MethodInvocationHelper.invokeMethod(MethodInvocationHelper.java:134)
at org.testng.internal.TestInvoker.invokeMethod(TestInvoker.java:597)
at org.testng.internal.TestInvoker.invokeTestMethod(TestInvoker.java:173)
at org.testng.internal.MethodRunner.runInSequence(MethodRunner.java:46)
at org.testng.internal.TestInvoker$MethodInvocationAgent.invoke(TestInvoker.java:816)
at org.testng.internal.TestInvoker.invokeTestMethods(TestInvoker.java:146)
at org.testng.internal.TestMethodWorker.invokeTestMethods(TestMethodWorker.java:146)
at org.testng.internal.TestMethodWorker.run(TestMethodWorker.java:128)
at java.base/java.util.concurrent.ThreadPoolExecutor.runWorker(ThreadPoolExecutor.java:1128)
at java.base/java.util.concurrent.ThreadPoolExecutor$Worker.run(ThreadPoolExecutor.java:628)
at java.base/java.lang.Thread.run(Thread.java:830)
]]>
    </failure>
  </testcase> <!-- TestSerialize -->
  <system-out/>
</testsuite> <!-- SerializeNDeSerializeJsonTest -->
